{
  "0 debug pnpm:scope": {
    "selected": 1
  },
  "1 warn pnpm": {
    "message": "Unsupported engine: wanted: {\"node\":\"14\"} (current: {\"node\":\"v16.6.2\",\"pnpm\":\"6.19.0\"})",
    "prefix": "/Users/jesperpaulsen/software/millheat-api/functions"
  },
  "2 error pnpm": {
    "errno": 2,
    "code": "ELIFECYCLE",
    "pkgid": "functions@",
    "stage": "build",
    "script": "tsc",
    "pkgname": "functions",
    "err": {
      "name": "pnpm",
      "message": "functions@ build: `tsc`\nExit status 2",
      "code": "ELIFECYCLE",
      "stack": "pnpm: functions@ build: `tsc`\nExit status 2\n    at EventEmitter.<anonymous> (/Users/jesperpaulsen/.nvm/versions/node/v16.6.2/pnpm-global/5/node_modules/.pnpm/pnpm@6.19.0/node_modules/pnpm/dist/pnpm.cjs:104979:20)\n    at EventEmitter.emit (node:events:394:28)\n    at ChildProcess.<anonymous> (/Users/jesperpaulsen/.nvm/versions/node/v16.6.2/pnpm-global/5/node_modules/.pnpm/pnpm@6.19.0/node_modules/pnpm/dist/pnpm.cjs:92968:18)\n    at ChildProcess.emit (node:events:394:28)\n    at maybeClose (node:internal/child_process:1067:16)\n    at Process.ChildProcess._handle.onexit (node:internal/child_process:301:5)"
    }
  },
  "3 warn pnpm:global": " Local package.json exists, but node_modules missing, did you mean to install?"
}